;  LST file generated by mikroListExporter - v.2.0 
; Date/Time: 16/09/2024 11:42:05
;----------------------------------------------

;Address Opcode 	ASM
0x0000	0x020036  	LJMP 54
0x0003	0x020000  	LJMP 0
0x0006	0x00      	NOP
0x0007	0x00      	NOP
0x0008	0x00      	NOP
0x0009	0x00      	NOP
0x000A	0x00      	NOP
0x000B	0x020000  	LJMP 0
0x000E	0x00      	NOP
0x000F	0x00      	NOP
0x0010	0x00      	NOP
0x0011	0x00      	NOP
0x0012	0x00      	NOP
0x0013	0x020000  	LJMP 0
0x0016	0x00      	NOP
0x0017	0x00      	NOP
0x0018	0x00      	NOP
0x0019	0x00      	NOP
0x001A	0x00      	NOP
0x001B	0x020000  	LJMP 0
0x001E	0x00      	NOP
0x001F	0x00      	NOP
0x0020	0x00      	NOP
0x0021	0x00      	NOP
0x0022	0x00      	NOP
0x0023	0x020000  	LJMP 0
0x0026	0x00      	NOP
0x0027	0x00      	NOP
0x0028	0x00      	NOP
0x0029	0x00      	NOP
0x002A	0x00      	NOP
0x002B	0x020000  	LJMP 0
___CC2D:
;__Lib_System.c,13 :: 		
;__Lib_System.c,15 :: 		
_CC2D_Loop1:
;__Lib_System.c,16 :: 		
0x002E	0xE4      	CLR A
;__Lib_System.c,17 :: 		
0x002F	0x93      	MOVC A, @A+DPTR
;__Lib_System.c,18 :: 		
0x0030	0xF6      	MOV @R0, A
;__Lib_System.c,19 :: 		
0x0031	0x08      	INC R0
;__Lib_System.c,20 :: 		
0x0032	0xA3      	INC DPTR
;__Lib_System.c,21 :: 		
0x0033	0xD9F9    	DJNZ R1, _CC2D_Loop1
;__Lib_System.c,23 :: 		
0x0035	0x22      	RET
; end of ___CC2D
_main:
0x0036	0x758180  	MOV SP, #128
;pisca-led.c,29 :: 		void main() {
;pisca-led.c,33 :: 		P1 = 0xFF;
0x0039	0x7590FF  	MOV P1, #255
;pisca-led.c,35 :: 		while (1) {
L_main6:
;pisca-led.c,37 :: 		for (i = 1; i <= 7; i++) {
0x003C	0x750801  	MOV main_i_L0, #1
L_main8:
0x003F	0xD3      	SETB C
0x0040	0xE508    	MOV A, main_i_L0
0x0042	0x9407    	SUBB A, #7
0x0044	0x5020    	JNC L_main9
;pisca-led.c,38 :: 		P1 = ~(1 << i);  // Liga o LED no pino correspondente e apaga os demais
0x0046	0xA908    	MOV R1, main_i_L0
0x0048	0x7401    	MOV A, #1
0x004A	0x09      	INC R1
0x004B	0x8002    	SJMP L__main11
L__main12:
0x004D	0xC3      	CLR C
0x004E	0x33      	RLC A
L__main11:
0x004F	0xD9FC    	DJNZ R1, L__main12
0x0051	0xF8      	MOV R0, A
0x0052	0x64FF    	XRL A, #255
0x0054	0xF590    	MOV P1, A
;pisca-led.c,39 :: 		delay_ms(1000);  // Atraso de 1 segundo
0x0056	0x7D06    	MOV R5, 6
0x0058	0x7E11    	MOV R6, 17
0x005A	0x7FFD    	MOV R7, 253
0x005C	0xDFFE    	DJNZ R7, PC-2
0x005E	0xDEFC    	DJNZ R6, PC-4
0x0060	0xDDFA    	DJNZ R5, PC-6
;pisca-led.c,37 :: 		for (i = 1; i <= 7; i++) {
0x0062	0x0508    	INC main_i_L0
;pisca-led.c,40 :: 		}
0x0064	0x80D9    	SJMP L_main8
L_main9:
;pisca-led.c,41 :: 		}
0x0066	0x80D4    	SJMP L_main6
;pisca-led.c,42 :: 		}
0x0068	0x80FE    	SJMP #254
; end of _main
Symbol List:
//** Routines locations **
//ADDRESS    SIZE    PROCEDURE
//----------------------------------------------
0x002E       [8]    ___CC2D
0x0036      [52]    _main
//** Variables locations ** 
//ADDRESS    SIZE    VARIABLE
//----------------------------------------------
0x0000       [1]    R0
0x0001       [1]    R1
0x0002       [1]    R2
0x0003       [1]    R3
0x0004       [1]    R4
0x0005       [1]    R5
0x0006       [1]    R6
0x0007       [1]    R7
0x0008       [1]    main_i_L0
0x0081       [1]    SP
0x0082       [1]    DPL
0x0083       [1]    DPH
0x0090       [1]    P1
0x00D0       [1]    PSW
0x00E0       [1]    ACC
0x00F0       [1]    B
//** Label List: ** 
//----------------------------------------------
  L_delay_ms0
  L_delay_ms1
  L_delay_ms2
  L_delay_ms3
  L_delay_ms4
  L_delay_ms5
  L_main6
  L_main7
  L_main8
  L_main9
  L_main10
  _delay_ms
  _main
  L__main11
  L__main12
  _CC2D_Loop1
  _CC2PD_Loop1
  _CC2XD_Loop1
  ___DoIFC
  ___CC2D
  ___CC2PD
  ___CC2XD
